<?xml version="1.0" encoding="UTF-8"?>
<!-- Generated by org.testng.reporters.JUnitReportReporter -->
<testsuite hostname="Windows10" failures="0" tests="6" name="api.test.DDTests" time="10.486" errors="0" timestamp="2023-11-15T16:14:02 PKT" skipped="0">
  <testcase classname="api.test.DDTests" name="testPostUser" time="3.910"/>
  <testcase classname="api.test.DDTests" name="testPostUser" time="1.269"/>
  <testcase classname="api.test.DDTests" name="testPostUser" time="1.326"/>
  <testcase classname="api.test.DDTests" name="testDeleteUser" time="1.294"/>
  <testcase classname="api.test.DDTests" name="testDeleteUser" time="1.307"/>
  <testcase classname="api.test.DDTests" name="testDeleteUser" time="1.380"/>
</testsuite> <!-- api.test.DDTests -->
