<?xml version="1.0" encoding="UTF-8"?>
<!-- Generated by org.testng.reporters.JUnitReportReporter -->
<testsuite hostname="Windows10" failures="0" tests="6" name="api.test.DDTests" time="7.114" errors="0" timestamp="2023-11-18T01:05:49 PKT" skipped="0">
  <testcase classname="api.test.DDTests" name="testPostUser" time="2.935"/>
  <testcase classname="api.test.DDTests" name="testPostUser" time="0.834"/>
  <testcase classname="api.test.DDTests" name="testPostUser" time="0.833"/>
  <testcase classname="api.test.DDTests" name="testDeleteUser" time="0.813"/>
  <testcase classname="api.test.DDTests" name="testDeleteUser" time="0.817"/>
  <testcase classname="api.test.DDTests" name="testDeleteUser" time="0.882"/>
</testsuite> <!-- api.test.DDTests -->
