<?xml version="1.0" encoding="UTF-8"?>
<!-- Generated by org.testng.reporters.JUnitReportReporter -->
<testsuite hostname="Windows10" failures="0" tests="4" name="api.test.UserTests2" time="7.671" errors="0" timestamp="2023-11-18T01:34:21 PKT" skipped="0">
  <testcase classname="api.test.UserTests2" name="testPostUser" time="3.218"/>
  <testcase classname="api.test.UserTests2" name="testGetUserByName" time="1.000"/>
  <testcase classname="api.test.UserTests2" name="testUpdateUserByName" time="1.698"/>
  <testcase classname="api.test.UserTests2" name="testDeleteUser" time="1.755"/>
</testsuite> <!-- api.test.UserTests2 -->
