<?xml version="1.0" encoding="UTF-8"?>
<!-- Generated by org.testng.reporters.JUnitReportReporter -->
<testsuite hostname="Windows10" failures="0" tests="4" name="api.test.UserTests" time="7.470" errors="0" timestamp="2023-11-17T19:42:56 PKT" skipped="0">
  <testcase classname="api.test.UserTests" name="testPostUser" time="3.986"/>
  <testcase classname="api.test.UserTests" name="testGetUserByName" time="0.954"/>
  <testcase classname="api.test.UserTests" name="testUpdateUserByName" time="1.713"/>
  <testcase classname="api.test.UserTests" name="testDeleteUser" time="0.817"/>
</testsuite> <!-- api.test.UserTests -->
