<?xml version="1.0" encoding="UTF-8"?>
<!-- Generated by org.testng.reporters.JUnitReportReporter -->
<testsuite hostname="Windows10" failures="0" tests="4" name="api.test.UserTests2" time="6.894" errors="0" timestamp="2023-11-17T20:16:23 PKT" skipped="0">
  <testcase classname="api.test.UserTests2" name="testPostUser" time="3.477"/>
  <testcase classname="api.test.UserTests2" name="testGetUserByName" time="0.914"/>
  <testcase classname="api.test.UserTests2" name="testUpdateUserByName" time="1.664"/>
  <testcase classname="api.test.UserTests2" name="testDeleteUser" time="0.839"/>
</testsuite> <!-- api.test.UserTests2 -->
