<?xml version="1.0" encoding="UTF-8"?>
<!-- Generated by org.testng.reporters.JUnitReportReporter -->
<testsuite hostname="Windows10" failures="0" tests="4" name="api.test.UserTests2" time="9.359" errors="0" timestamp="2023-11-20T23:19:57 PKT" skipped="0">
  <testcase classname="api.test.UserTests2" name="testPostUser" time="3.828"/>
  <testcase classname="api.test.UserTests2" name="testGetUserByName" time="1.348"/>
  <testcase classname="api.test.UserTests2" name="testUpdateUserByName" time="1.969"/>
  <testcase classname="api.test.UserTests2" name="testDeleteUser" time="2.214"/>
</testsuite> <!-- api.test.UserTests2 -->
