<?xml version="1.0" encoding="UTF-8"?>
<!-- Generated by org.testng.reporters.JUnitReportReporter -->
<testsuite hostname="Windows10" failures="0" tests="4" name="api.test.UserTests" time="40.956" errors="0" timestamp="2023-11-17T20:40:14 PKT" skipped="0">
  <testcase classname="api.test.UserTests" name="testPostUser" time="0.863"/>
  <testcase classname="api.test.UserTests" name="testGetUserByName" time="0.857"/>
  <testcase classname="api.test.UserTests" name="testUpdateUserByName" time="1.631"/>
  <testcase classname="api.test.UserTests" name="testDeleteUser" time="37.605"/>
</testsuite> <!-- api.test.UserTests -->
