<?xml version="1.0" encoding="UTF-8"?>
<!-- Generated by org.testng.reporters.JUnitReportReporter -->
<testsuite hostname="Windows10" failures="0" tests="6" name="api.test.DDTests" time="7.936" errors="0" timestamp="2023-11-17T20:40:14 PKT" skipped="0">
  <testcase classname="api.test.DDTests" name="testPostUser" time="3.809"/>
  <testcase classname="api.test.DDTests" name="testPostUser" time="0.822"/>
  <testcase classname="api.test.DDTests" name="testPostUser" time="0.838"/>
  <testcase classname="api.test.DDTests" name="testDeleteUser" time="0.819"/>
  <testcase classname="api.test.DDTests" name="testDeleteUser" time="0.804"/>
  <testcase classname="api.test.DDTests" name="testDeleteUser" time="0.844"/>
</testsuite> <!-- api.test.DDTests -->
