<?xml version="1.0" encoding="UTF-8"?>
<!-- Generated by org.testng.reporters.JUnitReportReporter -->
<testsuite hostname="Windows10" failures="0" tests="4" name="api.test.UserTests3" time="10.304" errors="0" timestamp="2023-11-21T00:17:31 PKT" skipped="0">
  <testcase classname="api.test.UserTests3" name="testPostUser" time="3.471"/>
  <testcase classname="api.test.UserTests3" name="testGetUserByName" time="1.806"/>
  <testcase classname="api.test.UserTests3" name="testUpdateUserByName" time="2.508"/>
  <testcase classname="api.test.UserTests3" name="testDeleteUser" time="2.519"/>
</testsuite> <!-- api.test.UserTests3 -->
