<?xml version="1.0" encoding="UTF-8"?>
<!-- Generated by org.testng.reporters.JUnitReportReporter -->
<testsuite hostname="Windows10" failures="0" tests="4" name="api.test.UserTests2" time="7.986" errors="0" timestamp="2023-11-17T21:16:02 PKT" skipped="0">
  <testcase classname="api.test.UserTests2" name="testPostUser" time="4.221"/>
  <testcase classname="api.test.UserTests2" name="testGetUserByName" time="0.978"/>
  <testcase classname="api.test.UserTests2" name="testUpdateUserByName" time="1.888"/>
  <testcase classname="api.test.UserTests2" name="testDeleteUser" time="0.899"/>
</testsuite> <!-- api.test.UserTests2 -->
